# JRE version: Java(TM) SE Runtime Environment (15.0.2+7) (build 15.0.2+7-27)
# Java VM: Java HotSpot(TM) 64-Bit Server VM (15.0.2+7-27, mixed mode, sharing, tiered, compressed oops, g1 gc, windows-amd64)
GC Precious Log:
 CPUs: 4 total, 4 available
 Memory: 4001M
 Large Page Support: Disabled
 NUMA Support: Disabled
 Compressed Oops: Enabled (32-bit)
 Heap Region Size: 1M
 Heap Min Capacity: 8M
 Heap Initial Capacity: 64M
 Heap Max Capacity: 1002M
 Pre-touch: Disabled
 Parallel Workers: 4
 Concurrent Workers: 1
 Concurrent Refinement Workers: 4
 Periodic GC: Disabled
Heap:
 garbage-first heap   total 276480K, used 163927K [0x00000000c1600000, 0x0000000100000000)
  region size 1024K, 73 young (74752K), 3 survivors (3072K)
 Metaspace       used 41912K, capacity 42351K, committed 42624K, reserved 1087488K
  class space    used 4545K, capacity 4699K, committed 4736K, reserved 1048576K
GC Heap History (20 events):
Event: 57.060 GC heap before
{Heap before GC invocations=76 (full 0):
 garbage-first heap   total 206848K, used 159906K [0x00000000c1600000, 0x0000000100000000)
  region size 1024K, 67 young (68608K), 2 survivors (2048K)
 Metaspace       used 40754K, capacity 41135K, committed 41344K, reserved 1085440K
  class space    used 4465K, capacity 4616K, committed 4736K, reserved 1048576K
}
Event: 57.062 GC heap after
{Heap after GC invocations=77 (full 0):
 garbage-first heap   total 206848K, used 79041K [0x00000000c1600000, 0x0000000100000000)
  region size 1024K, 2 young (2048K), 2 survivors (2048K)
 Metaspace       used 40754K, capacity 41135K, committed 41344K, reserved 1085440K
  class space    used 4465K, capacity 4616K, committed 4736K, reserved 1048576K
}
Event: 57.851 GC heap before
{Heap before GC invocations=78 (full 0):
 garbage-first heap   total 206848K, used 152769K [0x00000000c1600000, 0x0000000100000000)
  region size 1024K, 60 young (61440K), 2 survivors (2048K)
 Metaspace       used 40774K, capacity 41135K, committed 41344K, reserved 1085440K
  class space    used 4465K, capacity 4616K, committed 4736K, reserved 1048576K
}
Event: 57.855 GC heap after
{Heap after GC invocations=79 (full 0):
 garbage-first heap   total 206848K, used 79981K [0x00000000c1600000, 0x0000000100000000)
  region size 1024K, 2 young (2048K), 2 survivors (2048K)
 Metaspace       used 40774K, capacity 41135K, committed 41344K, reserved 1085440K
  class space    used 4465K, capacity 4616K, committed 4736K, reserved 1048576K
}
Event: 62.102 GC heap before
{Heap before GC invocations=80 (full 0):
 garbage-first heap   total 206848K, used 160877K [0x00000000c1600000, 0x0000000100000000)
  region size 1024K, 70 young (71680K), 2 survivors (2048K)
 Metaspace       used 40777K, capacity 41135K, committed 41344K, reserved 1085440K
  class space    used 4465K, capacity 4616K, committed 4736K, reserved 1048576K
}
Event: 62.105 GC heap after
{Heap after GC invocations=81 (full 0):
 garbage-first heap   total 206848K, used 80431K [0x00000000c1600000, 0x0000000100000000)
  region size 1024K, 2 young (2048K), 2 survivors (2048K)
 Metaspace       used 40777K, capacity 41135K, committed 41344K, reserved 1085440K
  class space    used 4465K, capacity 4616K, committed 4736K, reserved 1048576K
}
Event: 62.838 GC heap before
{Heap before GC invocations=82 (full 0):
 garbage-first heap   total 206848K, used 162351K [0x00000000c1600000, 0x0000000100000000)
  region size 1024K, 71 young (72704K), 2 survivors (2048K)
 Metaspace       used 40796K, capacity 41199K, committed 41344K, reserved 1085440K
  class space    used 4465K, capacity 4616K, committed 4736K, reserved 1048576K
}
Event: 62.841 GC heap after
{Heap after GC invocations=83 (full 0):
 garbage-first heap   total 206848K, used 80484K [0x00000000c1600000, 0x0000000100000000)
  region size 1024K, 2 young (2048K), 2 survivors (2048K)
 Metaspace       used 40796K, capacity 41199K, committed 41344K, reserved 1085440K
  class space    used 4465K, capacity 4616K, committed 4736K, reserved 1048576K
}
Event: 63.503 GC heap before
{Heap before GC invocations=84 (full 0):
 garbage-first heap   total 206848K, used 163428K [0x00000000c1600000, 0x0000000100000000)
  region size 1024K, 72 young (73728K), 2 survivors (2048K)
 Metaspace       used 40806K, capacity 41263K, committed 41600K, reserved 1085440K
  class space    used 4465K, capacity 4616K, committed 4736K, reserved 1048576K
}
Event: 63.506 GC heap after
{Heap after GC invocations=85 (full 0):
 garbage-first heap   total 206848K, used 80808K [0x00000000c1600000, 0x0000000100000000)
  region size 1024K, 3 young (3072K), 3 survivors (3072K)
 Metaspace       used 40806K, capacity 41263K, committed 41600K, reserved 1085440K
  class space    used 4465K, capacity 4616K, committed 4736K, reserved 1048576K
}
Event: 68.069 GC heap before
{Heap before GC invocations=86 (full 0):
 garbage-first heap   total 206848K, used 149416K [0x00000000c1600000, 0x0000000100000000)
  region size 1024K, 57 young (58368K), 3 survivors (3072K)
 Metaspace       used 40806K, capacity 41263K, committed 41600K, reserved 1085440K
  class space    used 4465K, capacity 4616K, committed 4736K, reserved 1048576K
}
Event: 68.072 GC heap after
{Heap after GC invocations=87 (full 0):
 garbage-first heap   total 206848K, used 83092K [0x00000000c1600000, 0x0000000100000000)
  region size 1024K, 2 young (2048K), 2 survivors (2048K)
 Metaspace       used 40806K, capacity 41263K, committed 41600K, reserved 1085440K
  class space    used 4465K, capacity 4616K, committed 4736K, reserved 1048576K
}
Event: 68.510 GC heap before
{Heap before GC invocations=88 (full 0):
 garbage-first heap   total 206848K, used 150676K [0x00000000c1600000, 0x0000000100000000)
  region size 1024K, 58 young (59392K), 2 survivors (2048K)
 Metaspace       used 40812K, capacity 41263K, committed 41600K, reserved 1085440K
  class space    used 4466K, capacity 4616K, committed 4736K, reserved 1048576K
}
Event: 68.513 GC heap after
{Heap after GC invocations=89 (full 0):
 garbage-first heap   total 206848K, used 79083K [0x00000000c1600000, 0x0000000100000000)
  region size 1024K, 2 young (2048K), 2 survivors (2048K)
 Metaspace       used 40812K, capacity 41263K, committed 41600K, reserved 1085440K
  class space    used 4466K, capacity 4616K, committed 4736K, reserved 1048576K
}
Event: 70.173 GC heap before
{Heap before GC invocations=90 (full 0):
 garbage-first heap   total 206848K, used 158955K [0x00000000c1600000, 0x0000000100000000)
  region size 1024K, 68 young (69632K), 2 survivors (2048K)
 Metaspace       used 41682K, capacity 42153K, committed 42368K, reserved 1087488K
  class space    used 4527K, capacity 4697K, committed 4736K, reserved 1048576K
}
Event: 70.177 GC heap after
{Heap after GC invocations=91 (full 0):
 garbage-first heap   total 206848K, used 75419K [0x00000000c1600000, 0x0000000100000000)
  region size 1024K, 2 young (2048K), 2 survivors (2048K)
 Metaspace       used 41682K, capacity 42153K, committed 42368K, reserved 1087488K
  class space    used 4527K, capacity 4697K, committed 4736K, reserved 1048576K
}
Event: 70.696 GC heap before
{Heap before GC invocations=92 (full 0):
 garbage-first heap   total 206848K, used 152219K [0x00000000c1600000, 0x0000000100000000)
  region size 1024K, 60 young (61440K), 2 survivors (2048K)
 Metaspace       used 41790K, capacity 42217K, committed 42368K, reserved 1087488K
  class space    used 4535K, capacity 4697K, committed 4736K, reserved 1048576K
}
Event: 70.699 GC heap after
{Heap after GC invocations=93 (full 0):
 garbage-first heap   total 206848K, used 82776K [0x00000000c1600000, 0x0000000100000000)
  region size 1024K, 2 young (2048K), 2 survivors (2048K)
 Metaspace       used 41790K, capacity 42217K, committed 42368K, reserved 1087488K
  class space    used 4535K, capacity 4697K, committed 4736K, reserved 1048576K
}
Event: 71.105 GC heap before
{Heap before GC invocations=94 (full 0):
 garbage-first heap   total 232448K, used 168792K [0x00000000c1600000, 0x0000000100000000)
  region size 1024K, 64 young (65536K), 2 survivors (2048K)
 Metaspace       used 41912K, capacity 42351K, committed 42624K, reserved 1087488K
  class space    used 4545K, capacity 4699K, committed 4736K, reserved 1048576K
}
Event: 71.109 GC heap after
{Heap after GC invocations=95 (full 0):
 garbage-first heap   total 232448K, used 76887K [0x00000000c1600000, 0x0000000100000000)
  region size 1024K, 3 young (3072K), 3 survivors (3072K)
 Metaspace       used 41912K, capacity 42351K, committed 42624K, reserved 1087488K
  class space    used 4545K, capacity 4699K, committed 4736K, reserved 1048576K
}

