# JRE version: Java(TM) SE Runtime Environment (15.0.2+7) (build 15.0.2+7-27)
# Java VM: Java HotSpot(TM) 64-Bit Server VM (15.0.2+7-27, mixed mode, sharing, tiered, compressed oops, g1 gc, windows-amd64)
GC Precious Log:
 CPUs: 4 total, 4 available
 Memory: 4001M
 Large Page Support: Disabled
 NUMA Support: Disabled
 Compressed Oops: Enabled (32-bit)
 Heap Region Size: 1M
 Heap Min Capacity: 8M
 Heap Initial Capacity: 64M
 Heap Max Capacity: 1002M
 Pre-touch: Disabled
 Parallel Workers: 4
 Concurrent Workers: 1
 Concurrent Refinement Workers: 4
 Periodic GC: Disabled
Heap:
 garbage-first heap   total 220160K, used 130624K [0x00000000c1600000, 0x0000000100000000)
  region size 1024K, 47 young (48128K), 1 survivors (1024K)
 Metaspace       used 42507K, capacity 42912K, committed 43056K, reserved 1087488K
  class space    used 4732K, capacity 4888K, committed 4992K, reserved 1048576K
GC Heap History (20 events):
Event: 41.054 GC heap before
{Heap before GC invocations=38 (full 0):
 garbage-first heap   total 194560K, used 125478K [0x00000000c1600000, 0x0000000100000000)
  region size 1024K, 41 young (41984K), 3 survivors (3072K)
 Metaspace       used 41914K, capacity 42271K, committed 42544K, reserved 1087488K
  class space    used 4728K, capacity 4888K, committed 4992K, reserved 1048576K
}
Event: 41.058 GC heap after
{Heap after GC invocations=39 (full 0):
 garbage-first heap   total 194560K, used 73176K [0x00000000c1600000, 0x0000000100000000)
  region size 1024K, 3 young (3072K), 3 survivors (3072K)
 Metaspace       used 41914K, capacity 42271K, committed 42544K, reserved 1087488K
  class space    used 4728K, capacity 4888K, committed 4992K, reserved 1048576K
}
Event: 41.476 GC heap before
{Heap before GC invocations=40 (full 0):
 garbage-first heap   total 194560K, used 143832K [0x00000000c1600000, 0x0000000100000000)
  region size 1024K, 59 young (60416K), 3 survivors (3072K)
 Metaspace       used 41926K, capacity 42335K, committed 42544K, reserved 1087488K
  class space    used 4728K, capacity 4888K, committed 4992K, reserved 1048576K
}
Event: 41.480 GC heap after
{Heap after GC invocations=41 (full 0):
 garbage-first heap   total 194560K, used 80348K [0x00000000c1600000, 0x0000000100000000)
  region size 1024K, 3 young (3072K), 3 survivors (3072K)
 Metaspace       used 41926K, capacity 42335K, committed 42544K, reserved 1087488K
  class space    used 4728K, capacity 4888K, committed 4992K, reserved 1048576K
}
Event: 42.123 GC heap before
{Heap before GC invocations=42 (full 0):
 garbage-first heap   total 203776K, used 148956K [0x00000000c1600000, 0x0000000100000000)
  region size 1024K, 60 young (61440K), 3 survivors (3072K)
 Metaspace       used 41973K, capacity 42399K, committed 42544K, reserved 1087488K
  class space    used 4729K, capacity 4888K, committed 4992K, reserved 1048576K
}
Event: 42.128 GC heap after
{Heap after GC invocations=43 (full 0):
 garbage-first heap   total 203776K, used 76372K [0x00000000c1600000, 0x0000000100000000)
  region size 1024K, 3 young (3072K), 3 survivors (3072K)
 Metaspace       used 41973K, capacity 42399K, committed 42544K, reserved 1087488K
  class space    used 4729K, capacity 4888K, committed 4992K, reserved 1048576K
}
Event: 42.838 GC heap before
{Heap before GC invocations=44 (full 0):
 garbage-first heap   total 203776K, used 195156K [0x00000000c1600000, 0x0000000100000000)
  region size 1024K, 104 young (106496K), 3 survivors (3072K)
 Metaspace       used 42023K, capacity 42399K, committed 42544K, reserved 1087488K
  class space    used 4729K, capacity 4888K, committed 4992K, reserved 1048576K
}
Event: 42.842 GC heap after
{Heap after GC invocations=45 (full 0):
 garbage-first heap   total 203776K, used 80460K [0x00000000c1600000, 0x0000000100000000)
  region size 1024K, 3 young (3072K), 3 survivors (3072K)
 Metaspace       used 42023K, capacity 42399K, committed 42544K, reserved 1087488K
  class space    used 4729K, capacity 4888K, committed 4992K, reserved 1048576K
}
Event: 44.869 GC heap before
{Heap before GC invocations=45 (full 0):
 garbage-first heap   total 203776K, used 163404K [0x00000000c1600000, 0x0000000100000000)
  region size 1024K, 74 young (75776K), 3 survivors (3072K)
 Metaspace       used 42267K, capacity 42656K, committed 42800K, reserved 1087488K
  class space    used 4732K, capacity 4888K, committed 4992K, reserved 1048576K
}
Event: 44.873 GC heap after
{Heap after GC invocations=46 (full 0):
 garbage-first heap   total 203776K, used 76384K [0x00000000c1600000, 0x0000000100000000)
  region size 1024K, 3 young (3072K), 3 survivors (3072K)
 Metaspace       used 42267K, capacity 42656K, committed 42800K, reserved 1087488K
  class space    used 4732K, capacity 4888K, committed 4992K, reserved 1048576K
}
Event: 48.244 GC heap before
{Heap before GC invocations=47 (full 0):
 garbage-first heap   total 203776K, used 164448K [0x00000000c1600000, 0x0000000100000000)
  region size 1024K, 75 young (76800K), 3 survivors (3072K)
 Metaspace       used 42490K, capacity 42912K, committed 43056K, reserved 1087488K
  class space    used 4732K, capacity 4888K, committed 4992K, reserved 1048576K
}
Event: 48.249 GC heap after
{Heap after GC invocations=48 (full 0):
 garbage-first heap   total 203776K, used 77401K [0x00000000c1600000, 0x0000000100000000)
  region size 1024K, 3 young (3072K), 3 survivors (3072K)
 Metaspace       used 42490K, capacity 42912K, committed 43056K, reserved 1087488K
  class space    used 4732K, capacity 4888K, committed 4992K, reserved 1048576K
}
Event: 48.891 GC heap before
{Heap before GC invocations=49 (full 0):
 garbage-first heap   total 203776K, used 149081K [0x00000000c1600000, 0x0000000100000000)
  region size 1024K, 60 young (61440K), 3 survivors (3072K)
 Metaspace       used 42495K, capacity 42912K, committed 43056K, reserved 1087488K
  class space    used 4732K, capacity 4888K, committed 4992K, reserved 1048576K
}
Event: 48.895 GC heap after
{Heap after GC invocations=50 (full 0):
 garbage-first heap   total 203776K, used 80510K [0x00000000c1600000, 0x0000000100000000)
  region size 1024K, 3 young (3072K), 3 survivors (3072K)
 Metaspace       used 42495K, capacity 42912K, committed 43056K, reserved 1087488K
  class space    used 4732K, capacity 4888K, committed 4992K, reserved 1048576K
}
Event: 49.563 GC heap before
{Heap before GC invocations=51 (full 0):
 garbage-first heap   total 206848K, used 173694K [0x00000000c1600000, 0x0000000100000000)
  region size 1024K, 81 young (82944K), 3 survivors (3072K)
 Metaspace       used 42500K, capacity 42912K, committed 43056K, reserved 1087488K
  class space    used 4732K, capacity 4888K, committed 4992K, reserved 1048576K
}
Event: 49.568 GC heap after
{Heap after GC invocations=52 (full 0):
 garbage-first heap   total 206848K, used 79643K [0x00000000c1600000, 0x0000000100000000)
  region size 1024K, 2 young (2048K), 2 survivors (2048K)
 Metaspace       used 42500K, capacity 42912K, committed 43056K, reserved 1087488K
  class space    used 4732K, capacity 4888K, committed 4992K, reserved 1048576K
}
Event: 50.626 GC heap before
{Heap before GC invocations=53 (full 0):
 garbage-first heap   total 206848K, used 174875K [0x00000000c1600000, 0x0000000100000000)
  region size 1024K, 84 young (86016K), 2 survivors (2048K)
 Metaspace       used 42505K, capacity 42912K, committed 43056K, reserved 1087488K
  class space    used 4732K, capacity 4888K, committed 4992K, reserved 1048576K
}
Event: 50.629 GC heap after
{Heap after GC invocations=54 (full 0):
 garbage-first heap   total 206848K, used 76379K [0x00000000c1600000, 0x0000000100000000)
  region size 1024K, 2 young (2048K), 2 survivors (2048K)
 Metaspace       used 42505K, capacity 42912K, committed 43056K, reserved 1087488K
  class space    used 4732K, capacity 4888K, committed 4992K, reserved 1048576K
}
Event: 51.179 GC heap before
{Heap before GC invocations=55 (full 0):
 garbage-first heap   total 206848K, used 149083K [0x00000000c1600000, 0x0000000100000000)
  region size 1024K, 59 young (60416K), 2 survivors (2048K)
 Metaspace       used 42507K, capacity 42912K, committed 43056K, reserved 1087488K
  class space    used 4732K, capacity 4888K, committed 4992K, reserved 1048576K
}
Event: 51.182 GC heap after
{Heap after GC invocations=56 (full 0):
 garbage-first heap   total 206848K, used 77376K [0x00000000c1600000, 0x0000000100000000)
  region size 1024K, 1 young (1024K), 1 survivors (1024K)
 Metaspace       used 42507K, capacity 42912K, committed 43056K, reserved 1087488K
  class space    used 4732K, capacity 4888K, committed 4992K, reserved 1048576K
}

