# JRE version: Java(TM) SE Runtime Environment (15.0.2+7) (build 15.0.2+7-27)
# Java VM: Java HotSpot(TM) 64-Bit Server VM (15.0.2+7-27, mixed mode, sharing, tiered, compressed oops, g1 gc, windows-amd64)
GC Precious Log:
 CPUs: 4 total, 4 available
 Memory: 4001M
 Large Page Support: Disabled
 NUMA Support: Disabled
 Compressed Oops: Enabled (32-bit)
 Heap Region Size: 1M
 Heap Min Capacity: 8M
 Heap Initial Capacity: 64M
 Heap Max Capacity: 1002M
 Pre-touch: Disabled
 Parallel Workers: 4
 Concurrent Workers: 1
 Concurrent Refinement Workers: 4
 Periodic GC: Disabled
Heap:
 garbage-first heap   total 135168K, used 76723K [0x00000000c1600000, 0x0000000100000000)
  region size 1024K, 19 young (19456K), 2 survivors (2048K)
 Metaspace       used 32984K, capacity 33311K, committed 33664K, reserved 1079296K
  class space    used 3746K, capacity 3856K, committed 3968K, reserved 1048576K
GC Heap History (20 events):
Event: 14.487 GC heap before
{Heap before GC invocations=14 (full 0):
 garbage-first heap   total 78848K, used 61904K [0x00000000c1600000, 0x0000000100000000)
  region size 1024K, 28 young (28672K), 2 survivors (2048K)
 Metaspace       used 19558K, capacity 19794K, committed 19840K, reserved 1067008K
  class space    used 1828K, capacity 1897K, committed 1920K, reserved 1048576K
}
Event: 14.494 GC heap after
{Heap after GC invocations=15 (full 0):
 garbage-first heap   total 78848K, used 37540K [0x00000000c1600000, 0x0000000100000000)
  region size 1024K, 4 young (4096K), 4 survivors (4096K)
 Metaspace       used 19558K, capacity 19794K, committed 19840K, reserved 1067008K
  class space    used 1828K, capacity 1897K, committed 1920K, reserved 1048576K
}
Event: 14.757 GC heap before
{Heap before GC invocations=15 (full 0):
 garbage-first heap   total 78848K, used 62116K [0x00000000c1600000, 0x0000000100000000)
  region size 1024K, 29 young (29696K), 4 survivors (4096K)
 Metaspace       used 20250K, capacity 20530K, committed 20736K, reserved 1069056K
  class space    used 1898K, capacity 1993K, committed 2048K, reserved 1048576K
}
Event: 14.773 GC heap after
{Heap after GC invocations=16 (full 0):
 garbage-first heap   total 78848K, used 40723K [0x00000000c1600000, 0x0000000100000000)
  region size 1024K, 4 young (4096K), 4 survivors (4096K)
 Metaspace       used 20250K, capacity 20530K, committed 20736K, reserved 1069056K
  class space    used 1898K, capacity 1993K, committed 2048K, reserved 1048576K
}
Event: 15.000 GC heap before
{Heap before GC invocations=16 (full 0):
 garbage-first heap   total 78848K, used 60179K [0x00000000c1600000, 0x0000000100000000)
  region size 1024K, 24 young (24576K), 4 survivors (4096K)
 Metaspace       used 20789K, capacity 21042K, committed 21376K, reserved 1069056K
  class space    used 1972K, capacity 2057K, committed 2176K, reserved 1048576K
}
Event: 15.009 GC heap after
{Heap after GC invocations=17 (full 0):
 garbage-first heap   total 78848K, used 42357K [0x00000000c1600000, 0x0000000100000000)
  region size 1024K, 2 young (2048K), 2 survivors (2048K)
 Metaspace       used 20789K, capacity 21042K, committed 21376K, reserved 1069056K
  class space    used 1972K, capacity 2057K, committed 2176K, reserved 1048576K
}
Event: 15.302 GC heap before
{Heap before GC invocations=18 (full 0):
 garbage-first heap   total 83968K, used 61813K [0x00000000c1600000, 0x0000000100000000)
  region size 1024K, 21 young (21504K), 2 survivors (2048K)
 Metaspace       used 21640K, capacity 21906K, committed 22144K, reserved 1069056K
  class space    used 2069K, capacity 2153K, committed 2176K, reserved 1048576K
}
Event: 15.308 GC heap after
{Heap after GC invocations=19 (full 0):
 garbage-first heap   total 83968K, used 43626K [0x00000000c1600000, 0x0000000100000000)
  region size 1024K, 3 young (3072K), 3 survivors (3072K)
 Metaspace       used 21640K, capacity 21906K, committed 22144K, reserved 1069056K
  class space    used 2069K, capacity 2153K, committed 2176K, reserved 1048576K
}
Event: 15.598 GC heap before
{Heap before GC invocations=19 (full 0):
 garbage-first heap   total 83968K, used 66154K [0x00000000c1600000, 0x0000000100000000)
  region size 1024K, 25 young (25600K), 3 survivors (3072K)
 Metaspace       used 23141K, capacity 23410K, committed 23552K, reserved 1071104K
  class space    used 2424K, capacity 2505K, committed 2560K, reserved 1048576K
}
Event: 15.608 GC heap after
{Heap after GC invocations=20 (full 0):
 garbage-first heap   total 83968K, used 45818K [0x00000000c1600000, 0x0000000100000000)
  region size 1024K, 4 young (4096K), 4 survivors (4096K)
 Metaspace       used 23141K, capacity 23410K, committed 23552K, reserved 1071104K
  class space    used 2424K, capacity 2505K, committed 2560K, reserved 1048576K
}
Event: 16.050 GC heap before
{Heap before GC invocations=21 (full 0):
 garbage-first heap   total 83968K, used 66298K [0x00000000c1600000, 0x0000000100000000)
  region size 1024K, 25 young (25600K), 4 survivors (4096K)
 Metaspace       used 24822K, capacity 25120K, committed 25344K, reserved 1071104K
  class space    used 2712K, capacity 2774K, committed 2816K, reserved 1048576K
}
Event: 16.063 GC heap after
{Heap after GC invocations=22 (full 0):
 garbage-first heap   total 101376K, used 48116K [0x00000000c1600000, 0x0000000100000000)
  region size 1024K, 3 young (3072K), 3 survivors (3072K)
 Metaspace       used 24822K, capacity 25120K, committed 25344K, reserved 1071104K
  class space    used 2712K, capacity 2774K, committed 2816K, reserved 1048576K
}
Event: 16.761 GC heap before
{Heap before GC invocations=22 (full 0):
 garbage-first heap   total 101376K, used 78836K [0x00000000c1600000, 0x0000000100000000)
  region size 1024K, 33 young (33792K), 3 survivors (3072K)
 Metaspace       used 28018K, capacity 28294K, committed 28544K, reserved 1075200K
  class space    used 3060K, capacity 3167K, committed 3200K, reserved 1048576K
}
Event: 16.773 GC heap after
{Heap after GC invocations=23 (full 0):
 garbage-first heap   total 101376K, used 52103K [0x00000000c1600000, 0x0000000100000000)
  region size 1024K, 5 young (5120K), 5 survivors (5120K)
 Metaspace       used 28018K, capacity 28294K, committed 28544K, reserved 1075200K
  class space    used 3060K, capacity 3167K, committed 3200K, reserved 1048576K
}
Event: 17.206 GC heap before
{Heap before GC invocations=24 (full 0):
 garbage-first heap   total 101376K, used 80775K [0x00000000c1600000, 0x0000000100000000)
  region size 1024K, 33 young (33792K), 5 survivors (5120K)
 Metaspace       used 29100K, capacity 29385K, committed 29568K, reserved 1075200K
  class space    used 3229K, capacity 3360K, committed 3456K, reserved 1048576K
}
Event: 17.222 GC heap after
{Heap after GC invocations=25 (full 0):
 garbage-first heap   total 101376K, used 55151K [0x00000000c1600000, 0x0000000100000000)
  region size 1024K, 3 young (3072K), 3 survivors (3072K)
 Metaspace       used 29100K, capacity 29385K, committed 29568K, reserved 1075200K
  class space    used 3229K, capacity 3360K, committed 3456K, reserved 1048576K
}
Event: 18.279 GC heap before
{Heap before GC invocations=25 (full 0):
 garbage-first heap   total 101376K, used 81775K [0x00000000c1600000, 0x0000000100000000)
  region size 1024K, 29 young (29696K), 3 survivors (3072K)
 Metaspace       used 30941K, capacity 31275K, committed 31488K, reserved 1077248K
  class space    used 3447K, capacity 3562K, committed 3584K, reserved 1048576K
}
Event: 18.297 GC heap after
{Heap after GC invocations=26 (full 0):
 garbage-first heap   total 101376K, used 58799K [0x00000000c1600000, 0x0000000100000000)
  region size 1024K, 4 young (4096K), 4 survivors (4096K)
 Metaspace       used 30941K, capacity 31275K, committed 31488K, reserved 1077248K
  class space    used 3447K, capacity 3562K, committed 3584K, reserved 1048576K
}
Event: 18.704 GC heap before
{Heap before GC invocations=27 (full 0):
 garbage-first heap   total 112640K, used 81327K [0x00000000c1600000, 0x0000000100000000)
  region size 1024K, 26 young (26624K), 4 survivors (4096K)
 Metaspace       used 32128K, capacity 32380K, committed 32512K, reserved 1077248K
  class space    used 3640K, capacity 3759K, committed 3840K, reserved 1048576K
}
Event: 18.714 GC heap after
{Heap after GC invocations=28 (full 0):
 garbage-first heap   total 135168K, used 60339K [0x00000000c1600000, 0x0000000100000000)
  region size 1024K, 2 young (2048K), 2 survivors (2048K)
 Metaspace       used 32128K, capacity 32380K, committed 32512K, reserved 1077248K
  class space    used 3640K, capacity 3759K, committed 3840K, reserved 1048576K
}

