# JRE version: Java(TM) SE Runtime Environment (15.0.2+7) (build 15.0.2+7-27)
# Java VM: Java HotSpot(TM) 64-Bit Server VM (15.0.2+7-27, mixed mode, sharing, tiered, compressed oops, g1 gc, windows-amd64)
GC Precious Log:
 CPUs: 4 total, 4 available
 Memory: 4001M
 Large Page Support: Disabled
 NUMA Support: Disabled
 Compressed Oops: Enabled (32-bit)
 Heap Region Size: 1M
 Heap Min Capacity: 8M
 Heap Initial Capacity: 64M
 Heap Max Capacity: 1002M
 Pre-touch: Disabled
 Parallel Workers: 4
 Concurrent Workers: 1
 Concurrent Refinement Workers: 4
 Periodic GC: Disabled
Heap:
 garbage-first heap   total 285696K, used 168606K [0x00000000c1600000, 0x0000000100000000)
  region size 1024K, 83 young (84992K), 3 survivors (3072K)
 Metaspace       used 41830K, capacity 42295K, committed 42368K, reserved 1087488K
  class space    used 4547K, capacity 4699K, committed 4736K, reserved 1048576K
GC Heap History (20 events):
Event: 54.037 GC heap before
{Heap before GC invocations=76 (full 0):
 garbage-first heap   total 215040K, used 179683K [0x00000000c1600000, 0x0000000100000000)
  region size 1024K, 84 young (86016K), 2 survivors (2048K)
 Metaspace       used 40665K, capacity 41079K, committed 41344K, reserved 1085440K
  class space    used 4466K, capacity 4616K, committed 4736K, reserved 1048576K
}
Event: 54.040 GC heap after
{Heap after GC invocations=77 (full 0):
 garbage-first heap   total 215040K, used 85612K [0x00000000c1600000, 0x0000000100000000)
  region size 1024K, 2 young (2048K), 2 survivors (2048K)
 Metaspace       used 40665K, capacity 41079K, committed 41344K, reserved 1085440K
  class space    used 4466K, capacity 4616K, committed 4736K, reserved 1048576K
}
Event: 54.419 GC heap before
{Heap before GC invocations=78 (full 0):
 garbage-first heap   total 215040K, used 154220K [0x00000000c1600000, 0x0000000100000000)
  region size 1024K, 59 young (60416K), 2 survivors (2048K)
 Metaspace       used 40667K, capacity 41079K, committed 41344K, reserved 1085440K
  class space    used 4466K, capacity 4616K, committed 4736K, reserved 1048576K
}
Event: 54.422 GC heap after
{Heap after GC invocations=79 (full 0):
 garbage-first heap   total 215040K, used 81553K [0x00000000c1600000, 0x0000000100000000)
  region size 1024K, 2 young (2048K), 2 survivors (2048K)
 Metaspace       used 40667K, capacity 41079K, committed 41344K, reserved 1085440K
  class space    used 4466K, capacity 4616K, committed 4736K, reserved 1048576K
}
Event: 72.760 GC heap before
{Heap before GC invocations=80 (full 0):
 garbage-first heap   total 215040K, used 202385K [0x00000000c1600000, 0x0000000100000000)
  region size 1024K, 108 young (110592K), 2 survivors (2048K)
 Metaspace       used 40692K, capacity 41079K, committed 41344K, reserved 1085440K
  class space    used 4467K, capacity 4616K, committed 4736K, reserved 1048576K
}
Event: 72.763 GC heap after
{Heap after GC invocations=81 (full 0):
 garbage-first heap   total 215040K, used 79537K [0x00000000c1600000, 0x0000000100000000)
  region size 1024K, 3 young (3072K), 3 survivors (3072K)
 Metaspace       used 40692K, capacity 41079K, committed 41344K, reserved 1085440K
  class space    used 4467K, capacity 4616K, committed 4736K, reserved 1048576K
}
Event: 73.664 GC heap before
{Heap before GC invocations=81 (full 0):
 garbage-first heap   total 215040K, used 199345K [0x00000000c1600000, 0x0000000100000000)
  region size 1024K, 104 young (106496K), 3 survivors (3072K)
 Metaspace       used 40714K, capacity 41079K, committed 41344K, reserved 1085440K
  class space    used 4467K, capacity 4616K, committed 4736K, reserved 1048576K
}
Event: 73.668 GC heap after
{Heap after GC invocations=82 (full 0):
 garbage-first heap   total 215040K, used 79990K [0x00000000c1600000, 0x0000000100000000)
  region size 1024K, 3 young (3072K), 3 survivors (3072K)
 Metaspace       used 40714K, capacity 41079K, committed 41344K, reserved 1085440K
  class space    used 4467K, capacity 4616K, committed 4736K, reserved 1048576K
}
Event: 77.573 GC heap before
{Heap before GC invocations=83 (full 0):
 garbage-first heap   total 215040K, used 187510K [0x00000000c1600000, 0x0000000100000000)
  region size 1024K, 94 young (96256K), 3 survivors (3072K)
 Metaspace       used 40718K, capacity 41079K, committed 41344K, reserved 1085440K
  class space    used 4467K, capacity 4616K, committed 4736K, reserved 1048576K
}
Event: 77.577 GC heap after
{Heap after GC invocations=84 (full 0):
 garbage-first heap   total 215040K, used 82943K [0x00000000c1600000, 0x0000000100000000)
  region size 1024K, 2 young (2048K), 2 survivors (2048K)
 Metaspace       used 40718K, capacity 41079K, committed 41344K, reserved 1085440K
  class space    used 4467K, capacity 4616K, committed 4736K, reserved 1048576K
}
Event: 83.342 GC heap before
{Heap before GC invocations=85 (full 0):
 garbage-first heap   total 215040K, used 178175K [0x00000000c1600000, 0x0000000100000000)
  region size 1024K, 82 young (83968K), 2 survivors (2048K)
 Metaspace       used 40718K, capacity 41079K, committed 41344K, reserved 1085440K
  class space    used 4467K, capacity 4616K, committed 4736K, reserved 1048576K
}
Event: 83.345 GC heap after
{Heap after GC invocations=86 (full 0):
 garbage-first heap   total 215040K, used 81515K [0x00000000c1600000, 0x0000000100000000)
  region size 1024K, 2 young (2048K), 2 survivors (2048K)
 Metaspace       used 40718K, capacity 41079K, committed 41344K, reserved 1085440K
  class space    used 4467K, capacity 4616K, committed 4736K, reserved 1048576K
}
Event: 89.764 GC heap before
{Heap before GC invocations=87 (full 0):
 garbage-first heap   total 215040K, used 201323K [0x00000000c1600000, 0x0000000100000000)
  region size 1024K, 105 young (107520K), 2 survivors (2048K)
 Metaspace       used 41294K, capacity 41745K, committed 41856K, reserved 1087488K
  class space    used 4504K, capacity 4665K, committed 4736K, reserved 1048576K
}
Event: 89.774 GC heap after
{Heap after GC invocations=88 (full 0):
 garbage-first heap   total 215040K, used 81970K [0x00000000c1600000, 0x0000000100000000)
  region size 1024K, 2 young (2048K), 2 survivors (2048K)
 Metaspace       used 41294K, capacity 41745K, committed 41856K, reserved 1087488K
  class space    used 4504K, capacity 4665K, committed 4736K, reserved 1048576K
}
Event: 90.768 GC heap before
{Heap before GC invocations=89 (full 0):
 garbage-first heap   total 215040K, used 162866K [0x00000000c1600000, 0x0000000100000000)
  region size 1024K, 66 young (67584K), 2 survivors (2048K)
 Metaspace       used 41704K, capacity 42161K, committed 42368K, reserved 1087488K
  class space    used 4537K, capacity 4697K, committed 4736K, reserved 1048576K
}
Event: 90.773 GC heap after
{Heap after GC invocations=90 (full 0):
 garbage-first heap   total 215040K, used 78581K [0x00000000c1600000, 0x0000000100000000)
  region size 1024K, 3 young (3072K), 3 survivors (3072K)
 Metaspace       used 41704K, capacity 42161K, committed 42368K, reserved 1087488K
  class space    used 4537K, capacity 4697K, committed 4736K, reserved 1048576K
}
Event: 91.235 GC heap before
{Heap before GC invocations=91 (full 0):
 garbage-first heap   total 215040K, used 205557K [0x00000000c1600000, 0x0000000100000000)
  region size 1024K, 110 young (112640K), 3 survivors (3072K)
 Metaspace       used 41791K, capacity 42231K, committed 42368K, reserved 1087488K
  class space    used 4545K, capacity 4699K, committed 4736K, reserved 1048576K
}
Event: 91.241 GC heap after
{Heap after GC invocations=92 (full 0):
 garbage-first heap   total 215040K, used 74267K [0x00000000c1600000, 0x0000000100000000)
  region size 1024K, 4 young (4096K), 4 survivors (4096K)
 Metaspace       used 41791K, capacity 42231K, committed 42368K, reserved 1087488K
  class space    used 4545K, capacity 4699K, committed 4736K, reserved 1048576K
}
Event: 91.515 GC heap before
{Heap before GC invocations=92 (full 0):
 garbage-first heap   total 215040K, used 106011K [0x00000000c1600000, 0x0000000100000000)
  region size 1024K, 15 young (15360K), 4 survivors (4096K)
 Metaspace       used 41830K, capacity 42295K, committed 42368K, reserved 1087488K
  class space    used 4547K, capacity 4699K, committed 4736K, reserved 1048576K
}
Event: 91.520 GC heap after
{Heap after GC invocations=93 (full 0):
 garbage-first heap   total 215040K, used 79518K [0x00000000c1600000, 0x0000000100000000)
  region size 1024K, 3 young (3072K), 3 survivors (3072K)
 Metaspace       used 41830K, capacity 42295K, committed 42368K, reserved 1087488K
  class space    used 4547K, capacity 4699K, committed 4736K, reserved 1048576K
}

